[debug] [2024-07-31T20:27:28.929Z] ----------------------------------------------------------------------
[debug] [2024-07-31T20:27:28.931Z] Command:       /home/chioma/.nvm/versions/node/v18.17.0/bin/node /home/chioma/.nvm/versions/node/v18.17.0/bin/firebase init hosting
[debug] [2024-07-31T20:27:28.931Z] CLI Version:   13.14.2
[debug] [2024-07-31T20:27:28.932Z] Platform:      linux
[debug] [2024-07-31T20:27:28.932Z] Node Version:  v18.17.0
[debug] [2024-07-31T20:27:28.932Z] Time:          Wed Jul 31 2024 21:27:28 GMT+0100 (West Africa Standard Time)
[debug] [2024-07-31T20:27:28.932Z] ----------------------------------------------------------------------
[debug] 
[debug] [2024-07-31T20:27:29.018Z] > command requires scopes: ["email","openid","https://www.googleapis.com/auth/cloudplatformprojects.readonly","https://www.googleapis.com/auth/firebase","https://www.googleapis.com/auth/cloud-platform"]
[debug] [2024-07-31T20:27:29.019Z] > authorizing via signed-in user (anigboguchioma31@gmail.com)
[info] 
     ######## #### ########  ######## ########     ###     ######  ########
     ##        ##  ##     ## ##       ##     ##  ##   ##  ##       ##
     ######    ##  ########  ######   ########  #########  ######  ######
     ##        ##  ##    ##  ##       ##     ## ##     ##       ## ##
     ##       #### ##     ## ######## ########  ##     ##  ######  ########

You're about to initialize a Firebase project in this directory:

  /home/chioma/Desktop/canine-connect

Before we get started, keep in mind:

  * You are initializing within an existing Firebase project directory

[info] 
=== Project Setup
[info] 
[info] First, let's associate this project directory with a Firebase project.
[info] You can create multiple project aliases by running firebase use --add, 
[info] but for now we'll just set up a default project.
[info] 
[debug] [2024-07-31T20:27:29.022Z] Using project from CLI flag: canineconnectng
[debug] [2024-07-31T20:27:29.025Z] >>> [apiv2][query] GET https://firebase.googleapis.com/v1beta1/projects/canineconnectng [none]
[debug] [2024-07-31T20:27:29.886Z] <<< [apiv2][status] GET https://firebase.googleapis.com/v1beta1/projects/canineconnectng 200
[debug] [2024-07-31T20:27:29.887Z] <<< [apiv2][body] GET https://firebase.googleapis.com/v1beta1/projects/canineconnectng {"projectId":"canineconnectng","projectNumber":"343799745824","displayName":"Canine Connect","name":"projects/canineconnectng","resources":{"hostingSite":"canineconnectng"},"state":"ACTIVE","etag":"1_311ab835-c5d0-4835-8397-254540258a4b"}
[info] i  Using project canineconnectng (Canine Connect) 
[info] 
=== Hosting Setup
[debug] [2024-07-31T20:27:29.959Z] >>> [apiv2][query] GET https://firebase.googleapis.com/v1beta1/projects/canineconnectng [none]
[debug] [2024-07-31T20:27:31.611Z] <<< [apiv2][status] GET https://firebase.googleapis.com/v1beta1/projects/canineconnectng 200
[debug] [2024-07-31T20:27:31.612Z] <<< [apiv2][body] GET https://firebase.googleapis.com/v1beta1/projects/canineconnectng {"projectId":"canineconnectng","projectNumber":"343799745824","displayName":"Canine Connect","name":"projects/canineconnectng","resources":{"hostingSite":"canineconnectng"},"state":"ACTIVE","etag":"1_311ab835-c5d0-4835-8397-254540258a4b"}
[info] 
[info] Your public directory is the folder (relative to your project directory) that
[info] will contain Hosting assets to be uploaded with firebase deploy. If you
[info] have a build process for your assets, use your build's output directory.
[info] 
